[29-Nov-2018 19:36:06 UTC] PHP Warning:  include(../../sqlConnection.php): failed to open stream: No such file or directory in /home/ubuntu/workspace/cst352/labs/lab9/api/getPetInfo.php on line 2
[29-Nov-2018 19:36:06 UTC] PHP Stack trace:
[29-Nov-2018 19:36:06 UTC] PHP   1. {main}() /home/ubuntu/workspace/cst352/labs/lab9/api/getPetInfo.php:0
[29-Nov-2018 19:36:06 UTC] PHP Warning:  include(): Failed opening '../../sqlConnection.php' for inclusion (include_path='.:/usr/share/php:/usr/share/pear') in /home/ubuntu/workspace/cst352/labs/lab9/api/getPetInfo.php on line 2
[29-Nov-2018 19:36:06 UTC] PHP Stack trace:
[29-Nov-2018 19:36:06 UTC] PHP   1. {main}() /home/ubuntu/workspace/cst352/labs/lab9/api/getPetInfo.php:0
[29-Nov-2018 19:36:06 UTC] PHP Fatal error:  Call to undefined function getConnection() in /home/ubuntu/workspace/cst352/labs/lab9/api/getPetInfo.php on line 3
[29-Nov-2018 19:36:06 UTC] PHP Stack trace:
[29-Nov-2018 19:36:06 UTC] PHP   1. {main}() /home/ubuntu/workspace/cst352/labs/lab9/api/getPetInfo.php:0
[29-Nov-2018 19:36:34 UTC] PHP Fatal error:  Uncaught exception 'PDOException' with message 'SQLSTATE[42000]: Syntax error or access violation: 1064 You have an error in your SQL syntax; check the manual that corresponds to your MySQL server version for the right syntax to use near '' at line 3' in /home/ubuntu/workspace/cst352/labs/lab9/api/getPetInfo.php:13
Stack trace:
#0 /home/ubuntu/workspace/cst352/labs/lab9/api/getPetInfo.php(13): PDOStatement->execute()
#1 /home/ubuntu/workspace/cst352/labs/lab9/api/getPetInfo.php(19): displayPet()
#2 {main}
  thrown in /home/ubuntu/workspace/cst352/labs/lab9/api/getPetInfo.php on line 13
[29-Nov-2018 19:37:36 UTC] PHP Fatal error:  Uncaught exception 'PDOException' with message 'SQLSTATE[42000]: Syntax error or access violation: 1064 You have an error in your SQL syntax; check the manual that corresponds to your MySQL server version for the right syntax to use near '' at line 3' in /home/ubuntu/workspace/cst352/labs/lab9/api/getPetInfo.php:13
Stack trace:
#0 /home/ubuntu/workspace/cst352/labs/lab9/api/getPetInfo.php(13): PDOStatement->execute()
#1 /home/ubuntu/workspace/cst352/labs/lab9/api/getPetInfo.php(19): displayPet()
#2 {main}
  thrown in /home/ubuntu/workspace/cst352/labs/lab9/api/getPetInfo.php on line 13
[29-Nov-2018 19:38:35 UTC] PHP Fatal error:  Uncaught exception 'PDOException' with message 'SQLSTATE[42000]: Syntax error or access violation: 1064 You have an error in your SQL syntax; check the manual that corresponds to your MySQL server version for the right syntax to use near '' at line 3' in /home/ubuntu/workspace/cst352/labs/lab9/api/getPetInfo.php:13
Stack trace:
#0 /home/ubuntu/workspace/cst352/labs/lab9/api/getPetInfo.php(13): PDOStatement->execute()
#1 /home/ubuntu/workspace/cst352/labs/lab9/api/getPetInfo.php(19): displayPet()
#2 {main}
  thrown in /home/ubuntu/workspace/cst352/labs/lab9/api/getPetInfo.php on line 13
[04-Dec-2018 18:18:53 UTC] PHP Fatal error:  Uncaught exception 'PDOException' with message 'SQLSTATE[42000]: Syntax error or access violation: 1064 You have an error in your SQL syntax; check the manual that corresponds to your MySQL server version for the right syntax to use near '' at line 3' in /home/ubuntu/workspace/cst352/labs/lab9/api/getPetInfo.php:13
Stack trace:
#0 /home/ubuntu/workspace/cst352/labs/lab9/api/getPetInfo.php(13): PDOStatement->execute()
#1 /home/ubuntu/workspace/cst352/labs/lab9/api/getPetInfo.php(19): displayPet()
#2 {main}
  thrown in /home/ubuntu/workspace/cst352/labs/lab9/api/getPetInfo.php on line 13
